Removed Pin From Net: NetName=5V Pin=Mod1-1
Removed Pin From Net: NetName=PB8 Pin=Mod1-2
Removed Pin From Net: NetName=PB9 Pin=Mod1-3
Removed Pin From Net: NetName=GND Pin=Mod1-4
Removed Pin From Net: NetName=A+ Pin=Mod1-7
Removed Pin From Net: NetName=A- Pin=Mod1-8
Removed Pin From Net: NetName=E- Pin=Mod1-9
Removed Pin From Net: NetName=E- Pin=Mod1-9
Removed Pin From Net: NetName=E+ Pin=Mod1-10
Removed Member From Class: ClassName=Esquematico Member=Mod1
Added Component: Designator=*J1(HX711)
Add component. Clean all parameters for all variants
Added Pin To Net: NetName=E+ Pin=*J1-1
Added Pin To Net: NetName=E- Pin=*J1-2
Added Pin To Net: NetName=A- Pin=*J1-3
Added Pin To Net: NetName=A+ Pin=*J1-4
Added Pin To Net: NetName=GND Pin=*J1-7
Added Pin To Net: NetName=PB8 Pin=*J1-8
Added Pin To Net: NetName=PB9 Pin=*J1-9
Added Pin To Net: NetName=5V Pin=*J1-10
Added Member To Class: ClassName=Esquematico Member=Component *J1 Hx711
