Added Component: Designator=C1(CAP TH ALUM ELEC D10.00mm S5.00mm H12.50mm)
Add component. Clean all parameters for all variants
Add component (AddParameter): Name = "Applications"; Value = "General Purpose"; VariantName = "[No Variations]"
Add component (AddParameter): Name = "Capacitance"; Value = "220µF"; VariantName = "[No Variations]"
Add component (AddParameter): Name = "componentlink1description"; Value = "Datasheet"; VariantName = "[No Variations]"
Add component (AddParameter): Name = "componentlink1url"; Value = "http://nichicon-us.com/english/products/pdfs/e-uvz.pdf"; VariantName = "[No Variations]"
Add component (AddParameter): Name = "componentlink2description"; Value = "DigiKey Link"; VariantName = "[No Variations]"
Add component (AddParameter): Name = "componentlink2url"; Value = "http://digikey.com/product-detail/en/nichicon/UVZ1H221MPD/493-1342-ND/589083"; VariantName = "[No Variations]"
Add component (AddParameter): Name = "Device Package"; Value = "Radial, Can"; VariantName = "[No Variations]"
Add component (AddParameter): Name = "Height - Seated (Max)"; Value = "0.492" (12.50mm)"; VariantName = "[No Variations]"
Add component (AddParameter): Name = "lastupdated"; Value = "2/9/2020 01:31:04"; VariantName = "[No Variations]"
Add component (AddParameter): Name = "Lead Spacing"; Value = "0.197" (5.00mm)"; VariantName = "[No Variations]"
Add component (AddParameter): Name = "Lifecycle Status"; Value = "Active"; VariantName = "[No Variations]"
Add component (AddParameter): Name = "Lifetime @ Temp."; Value = "1000 Hrs @ 105°C"; VariantName = "[No Variations]"
Add component (AddParameter): Name = "manufacturer"; Value = "Nichicon"; VariantName = "[No Variations]"
Add component (AddParameter): Name = "Minimum Order"; Value = "1"; VariantName = "[No Variations]"
Add component (AddParameter): Name = "Mounting Type"; Value = "Through Hole"; VariantName = "[No Variations]"
Add component (AddParameter): Name = "Operating Temperature"; Value = "-55°C ~ 105°C"; VariantName = "[No Variations]"
Add component (AddParameter): Name = "Package / Case"; Value = "Radial, Can"; VariantName = "[No Variations]"
Add component (AddParameter): Name = "packaging"; Value = "Bulk"; VariantName = "[No Variations]"
Add component (AddParameter): Name = "partid"; Value = "10709"; VariantName = "[No Variations]"
Add component (AddParameter): Name = "Part Number"; Value = "UVZ1H221MPD"; VariantName = "[No Variations]"
Add component (AddParameter): Name = "Part Status"; Value = "Active"; VariantName = "[No Variations]"
Add component (AddParameter): Name = "Polarization"; Value = "Polar"; VariantName = "[No Variations]"
Add component (AddParameter): Name = "price"; Value = "0.41"; VariantName = "[No Variations]"
Add component (AddParameter): Name = "Ripple Current @ High Frequency"; Value = "450mA @ 10kHz"; VariantName = "[No Variations]"
Add component (AddParameter): Name = "Ripple Current @ Low Frequency"; Value = "300mA @ 120Hz"; VariantName = "[No Variations]"
Add component (AddParameter): Name = "series"; Value = "UVZ"; VariantName = "[No Variations]"
Add component (AddParameter): Name = "Size / Dimension"; Value = "0.394" Dia (10.00mm)"; VariantName = "[No Variations]"
Add component (AddParameter): Name = "Supplier 1"; Value = "DigiKey"; VariantName = "[No Variations]"
Add component (AddParameter): Name = "Supplier Part Number 1"; Value = "493-1342-ND"; VariantName = "[No Variations]"
Add component (AddParameter): Name = "Tolerance"; Value = "±20%"; VariantName = "[No Variations]"
Add component (AddParameter): Name = "value"; Value = "220µF"; VariantName = "[No Variations]"
Add component (AddParameter): Name = "Voltage - Rated"; Value = "50V"; VariantName = "[No Variations]"
Added Component: Designator=C2(CAP TH ALUM ELEC D10.00mm S5.00mm H12.50mm)
Add component. Clean all parameters for all variants
Add component (AddParameter): Name = "Applications"; Value = "General Purpose"; VariantName = "[No Variations]"
Add component (AddParameter): Name = "Capacitance"; Value = "220µF"; VariantName = "[No Variations]"
Add component (AddParameter): Name = "componentlink1description"; Value = "Datasheet"; VariantName = "[No Variations]"
Add component (AddParameter): Name = "componentlink1url"; Value = "http://nichicon-us.com/english/products/pdfs/e-uvz.pdf"; VariantName = "[No Variations]"
Add component (AddParameter): Name = "componentlink2description"; Value = "DigiKey Link"; VariantName = "[No Variations]"
Add component (AddParameter): Name = "componentlink2url"; Value = "http://digikey.com/product-detail/en/nichicon/UVZ1H221MPD/493-1342-ND/589083"; VariantName = "[No Variations]"
Add component (AddParameter): Name = "Device Package"; Value = "Radial, Can"; VariantName = "[No Variations]"
Add component (AddParameter): Name = "Height - Seated (Max)"; Value = "0.492" (12.50mm)"; VariantName = "[No Variations]"
Add component (AddParameter): Name = "lastupdated"; Value = "2/9/2020 01:31:04"; VariantName = "[No Variations]"
Add component (AddParameter): Name = "Lead Spacing"; Value = "0.197" (5.00mm)"; VariantName = "[No Variations]"
Add component (AddParameter): Name = "Lifecycle Status"; Value = "Active"; VariantName = "[No Variations]"
Add component (AddParameter): Name = "Lifetime @ Temp."; Value = "1000 Hrs @ 105°C"; VariantName = "[No Variations]"
Add component (AddParameter): Name = "manufacturer"; Value = "Nichicon"; VariantName = "[No Variations]"
Add component (AddParameter): Name = "Minimum Order"; Value = "1"; VariantName = "[No Variations]"
Add component (AddParameter): Name = "Mounting Type"; Value = "Through Hole"; VariantName = "[No Variations]"
Add component (AddParameter): Name = "Operating Temperature"; Value = "-55°C ~ 105°C"; VariantName = "[No Variations]"
Add component (AddParameter): Name = "Package / Case"; Value = "Radial, Can"; VariantName = "[No Variations]"
Add component (AddParameter): Name = "packaging"; Value = "Bulk"; VariantName = "[No Variations]"
Add component (AddParameter): Name = "partid"; Value = "10709"; VariantName = "[No Variations]"
Add component (AddParameter): Name = "Part Number"; Value = "UVZ1H221MPD"; VariantName = "[No Variations]"
Add component (AddParameter): Name = "Part Status"; Value = "Active"; VariantName = "[No Variations]"
Add component (AddParameter): Name = "Polarization"; Value = "Polar"; VariantName = "[No Variations]"
Add component (AddParameter): Name = "price"; Value = "0.41"; VariantName = "[No Variations]"
Add component (AddParameter): Name = "Ripple Current @ High Frequency"; Value = "450mA @ 10kHz"; VariantName = "[No Variations]"
Add component (AddParameter): Name = "Ripple Current @ Low Frequency"; Value = "300mA @ 120Hz"; VariantName = "[No Variations]"
Add component (AddParameter): Name = "series"; Value = "UVZ"; VariantName = "[No Variations]"
Add component (AddParameter): Name = "Size / Dimension"; Value = "0.394" Dia (10.00mm)"; VariantName = "[No Variations]"
Add component (AddParameter): Name = "Supplier 1"; Value = "DigiKey"; VariantName = "[No Variations]"
Add component (AddParameter): Name = "Supplier Part Number 1"; Value = "493-1342-ND"; VariantName = "[No Variations]"
Add component (AddParameter): Name = "Tolerance"; Value = "±20%"; VariantName = "[No Variations]"
Add component (AddParameter): Name = "value"; Value = "220µF"; VariantName = "[No Variations]"
Add component (AddParameter): Name = "Voltage - Rated"; Value = "50V"; VariantName = "[No Variations]"
Added Component: Designator=D1(DO-41)
Add component. Clean all parameters for all variants
Add component (AddParameter): Name = "Code_JEDEC"; Value = "DO-204-AL"; VariantName = "[No Variations]"
Add component (AddParameter): Name = "ComponentLink1Description"; Value = "Manufacturer Link"; VariantName = "[No Variations]"
Add component (AddParameter): Name = "ComponentLink1URL"; Value = "http://www.fairchildsemi.com/"; VariantName = "[No Variations]"
Add component (AddParameter): Name = "ComponentLink2Description"; Value = "Datasheet"; VariantName = "[No Variations]"
Add component (AddParameter): Name = "ComponentLink2URL"; Value = "http://www.fairchildsemi.com/ds/1N%2F1N4001.pdf"; VariantName = "[No Variations]"
Add component (AddParameter): Name = "DatasheetVersion"; Value = "1998"; VariantName = "[No Variations]"
Add component (AddParameter): Name = "LatestRevisionDate"; Value = "17-Jul-2002"; VariantName = "[No Variations]"
Add component (AddParameter): Name = "LatestRevisionNote"; Value = "Re-released for DXP Platform."; VariantName = "[No Variations]"
Add component (AddParameter): Name = "PackageDescription"; Value = "Diode, Axial; Body 5.2 x 2.7 mm (LxDia. max), Lead Dia. 0.86 mm (max)"; VariantName = "[No Variations]"
Add component (AddParameter): Name = "PackageReference"; Value = "DO-41"; VariantName = "[No Variations]"
Add component (AddParameter): Name = "PackageVersion"; Value = "Aug-1999"; VariantName = "[No Variations]"
Add component (AddParameter): Name = "Published"; Value = "8-Jun-2000"; VariantName = "[No Variations]"
Add component (AddParameter): Name = "Publisher"; Value = "Altium Limited"; VariantName = "[No Variations]"
Added Component: Designator=D2(DO-41)
Add component. Clean all parameters for all variants
Add component (AddParameter): Name = "Code_JEDEC"; Value = "DO-204-AL"; VariantName = "[No Variations]"
Add component (AddParameter): Name = "ComponentLink1Description"; Value = "Manufacturer Link"; VariantName = "[No Variations]"
Add component (AddParameter): Name = "ComponentLink1URL"; Value = "http://www.fairchildsemi.com/"; VariantName = "[No Variations]"
Add component (AddParameter): Name = "ComponentLink2Description"; Value = "Datasheet"; VariantName = "[No Variations]"
Add component (AddParameter): Name = "ComponentLink2URL"; Value = "http://www.fairchildsemi.com/ds/1N%2F1N4001.pdf"; VariantName = "[No Variations]"
Add component (AddParameter): Name = "DatasheetVersion"; Value = "1998"; VariantName = "[No Variations]"
Add component (AddParameter): Name = "LatestRevisionDate"; Value = "17-Jul-2002"; VariantName = "[No Variations]"
Add component (AddParameter): Name = "LatestRevisionNote"; Value = "Re-released for DXP Platform."; VariantName = "[No Variations]"
Add component (AddParameter): Name = "PackageDescription"; Value = "Diode, Axial; Body 5.2 x 2.7 mm (LxDia. max), Lead Dia. 0.86 mm (max)"; VariantName = "[No Variations]"
Add component (AddParameter): Name = "PackageReference"; Value = "DO-41"; VariantName = "[No Variations]"
Add component (AddParameter): Name = "PackageVersion"; Value = "Aug-1999"; VariantName = "[No Variations]"
Add component (AddParameter): Name = "Published"; Value = "8-Jun-2000"; VariantName = "[No Variations]"
Add component (AddParameter): Name = "Publisher"; Value = "Altium Limited"; VariantName = "[No Variations]"
Added Component: Designator=J1(TE 282834-2)
Add component. Clean all parameters for all variants
Add component (AddParameter): Name = "Color"; Value = "Green"; VariantName = "[No Variations]"
Add component (AddParameter): Name = "ComponentLink1Description"; Value = "Datasheet"; VariantName = "[No Variations]"
Add component (AddParameter): Name = "ComponentLink1URL"; Value = "https://www.te.com/commerce/DocumentDelivery/DDEController?Action=srchrtrv&DocNm=282834&DocType=Customer+Drawing&DocLang=English"; VariantName = "[No Variations]"
Add component (AddParameter): Name = "ComponentLink2Description"; Value = "DigiKey Link"; VariantName = "[No Variations]"
Add component (AddParameter): Name = "ComponentLink2URL"; Value = "http://digikey.com/product-detail/en/te-connectivity-amp-connectors/282834-2/A98333-ND/1150135"; VariantName = "[No Variations]"
Add component (AddParameter): Name = "Current"; Value = "10A"; VariantName = "[No Variations]"
Add component (AddParameter): Name = "LastUpdated"; Value = "15/1/2020 04:15:38"; VariantName = "[No Variations]"
Add component (AddParameter): Name = "Lifecycle Status"; Value = "Active"; VariantName = "[No Variations]"
Add component (AddParameter): Name = "Manufacturer"; Value = "TE Connectivity AMP Connectors"; VariantName = "[No Variations]"
Add component (AddParameter): Name = "Mating Orientation"; Value = "Horizontal with Board"; VariantName = "[No Variations]"
Add component (AddParameter): Name = "Minimum Order"; Value = "1"; VariantName = "[No Variations]"
Add component (AddParameter): Name = "Mounting Type"; Value = "Through Hole"; VariantName = "[No Variations]"
Add component (AddParameter): Name = "Number of Levels"; Value = "1"; VariantName = "[No Variations]"
Add component (AddParameter): Name = "Packaging"; Value = "Bulk"; VariantName = "[No Variations]"
Add component (AddParameter): Name = "Part Number"; Value = "282834-2"; VariantName = "[No Variations]"
Add component (AddParameter): Name = "Part Status"; Value = "Active"; VariantName = "[No Variations]"
Add component (AddParameter): Name = "Pitch"; Value = "0.100" (2.54mm)"; VariantName = "[No Variations]"
Add component (AddParameter): Name = "Positions Per Level"; Value = "2"; VariantName = "[No Variations]"
Add component (AddParameter): Name = "Price"; Value = "0.88"; VariantName = "[No Variations]"
Add component (AddParameter): Name = "Series"; Value = "Buchanan"; VariantName = "[No Variations]"
Add component (AddParameter): Name = "Supplier 1"; Value = "DigiKey"; VariantName = "[No Variations]"
Add component (AddParameter): Name = "Supplier Part Number 1"; Value = "A98333-ND"; VariantName = "[No Variations]"
Add component (AddParameter): Name = "Voltage"; Value = "150V"; VariantName = "[No Variations]"
Add component (AddParameter): Name = "Wire Gauge"; Value = "16-30 AWG"; VariantName = "[No Variations]"
Add component (AddParameter): Name = "Wire Termination"; Value = "Screw - Rising Cage Clamp"; VariantName = "[No Variations]"
Added Component: Designator=M1(StepUp Mini 5V)
Add component. Clean all parameters for all variants
Added Component: Designator=Mod1(HX711)
Add component. Clean all parameters for all variants
Added Component: Designator=P1(HDR1X4)
Add component. Clean all parameters for all variants
Add component (AddParameter): Name = "LatestRevisionDate"; Value = "17-Jul-2002"; VariantName = "[No Variations]"
Add component (AddParameter): Name = "LatestRevisionNote"; Value = "Re-released for DXP Platform."; VariantName = "[No Variations]"
Add component (AddParameter): Name = "Publisher"; Value = "Altium Limited"; VariantName = "[No Variations]"
Added Component: Designator=P2(20mm Cell Holder)
Add component. Clean all parameters for all variants
Added Component: Designator=P3(HDR1X3)
Add component. Clean all parameters for all variants
Add component (AddParameter): Name = "LatestRevisionDate"; Value = "17-Jul-2002"; VariantName = "[No Variations]"
Add component (AddParameter): Name = "LatestRevisionNote"; Value = "Re-released for DXP Platform."; VariantName = "[No Variations]"
Add component (AddParameter): Name = "Publisher"; Value = "Altium Limited"; VariantName = "[No Variations]"
Added Component: Designator=P4(HDR1X6)
Add component. Clean all parameters for all variants
Add component (AddParameter): Name = "LatestRevisionDate"; Value = "17-Jul-2002"; VariantName = "[No Variations]"
Add component (AddParameter): Name = "LatestRevisionNote"; Value = "Re-released for DXP Platform."; VariantName = "[No Variations]"
Add component (AddParameter): Name = "Publisher"; Value = "Altium Limited"; VariantName = "[No Variations]"
Added Component: Designator=P5(HDR1X4)
Add component. Clean all parameters for all variants
Add component (AddParameter): Name = "LatestRevisionDate"; Value = "17-Jul-2002"; VariantName = "[No Variations]"
Add component (AddParameter): Name = "LatestRevisionNote"; Value = "Re-released for DXP Platform."; VariantName = "[No Variations]"
Add component (AddParameter): Name = "Publisher"; Value = "Altium Limited"; VariantName = "[No Variations]"
Added Component: Designator=P6(HDR1X5)
Add component. Clean all parameters for all variants
Add component (AddParameter): Name = "LatestRevisionDate"; Value = "17-Jul-2002"; VariantName = "[No Variations]"
Add component (AddParameter): Name = "LatestRevisionNote"; Value = "Re-released for DXP Platform."; VariantName = "[No Variations]"
Add component (AddParameter): Name = "Publisher"; Value = "Altium Limited"; VariantName = "[No Variations]"
Added Component: Designator=P7(HDR1X6)
Add component. Clean all parameters for all variants
Add component (AddParameter): Name = "LatestRevisionDate"; Value = "17-Jul-2002"; VariantName = "[No Variations]"
Add component (AddParameter): Name = "LatestRevisionNote"; Value = "Re-released for DXP Platform."; VariantName = "[No Variations]"
Add component (AddParameter): Name = "Publisher"; Value = "Altium Limited"; VariantName = "[No Variations]"
Added Component: Designator=U1(MODULE_ZC323000)
Add component. Clean all parameters for all variants
Add component (AddParameter): Name = "Availability"; Value = "Unavailable"; VariantName = "[No Variations]"
Add component (AddParameter): Name = "MF"; Value = ""; VariantName = "[No Variations]"
Add component (AddParameter): Name = "MP"; Value = "ZC323000"; VariantName = "[No Variations]"
Add component (AddParameter): Name = "Package"; Value = "None"; VariantName = "[No Variations]"
Add component (AddParameter): Name = "Price"; Value = "None"; VariantName = "[No Variations]"
Add component (AddParameter): Name = "Value"; Value = ""; VariantName = "[No Variations]"
Added Pin To Net: NetName=3.3V Pin=P3-1
Added Pin To Net: NetName=3.3V Pin=P4-6
Added Pin To Net: NetName=3.3V Pin=P5-3
Added Pin To Net: NetName=3.3V Pin=P6-5
Added Pin To Net: NetName=3.3V Pin=U1-18
Added Pin To Net: NetName=3.3V Pin=U1-40
Added Net: Name=3.3V
Added Pin To Net: NetName=5V Pin=C2-1
Added Pin To Net: NetName=5V Pin=M1-3
Added Pin To Net: NetName=5V Pin=Mod1-1
Added Pin To Net: NetName=5V Pin=U1-38
Added Net: Name=5V
Added Pin To Net: NetName=ADC Pin=D1-2
Added Pin To Net: NetName=ADC Pin=U1-5
Added Net: Name=ADC
Added Pin To Net: NetName=B+ Pin=D2-1
Added Pin To Net: NetName=B+ Pin=J1-2
Added Pin To Net: NetName=B+ Pin=P7-2
Added Net: Name=B+
Added Pin To Net: NetName=B- Pin=J1-1
Added Pin To Net: NetName=B- Pin=P7-3
Added Net: Name=B-
Added Pin To Net: NetName=CHARGE Pin=P7-5
Added Pin To Net: NetName=CHARGE Pin=U1-34
Added Net: Name=CHARGE
Added Pin To Net: NetName=GND Pin=C1-2
Added Pin To Net: NetName=GND Pin=C2-2
Added Pin To Net: NetName=GND Pin=M1-2
Added Pin To Net: NetName=GND Pin=Mod1-4
Added Pin To Net: NetName=GND Pin=P2-1
Added Pin To Net: NetName=GND Pin=P3-3
Added Pin To Net: NetName=GND Pin=P4-1
Added Pin To Net: NetName=GND Pin=P5-4
Added Pin To Net: NetName=GND Pin=P6-1
Added Pin To Net: NetName=GND Pin=P7-4
Added Pin To Net: NetName=GND Pin=U1-19
Added Pin To Net: NetName=GND Pin=U1-20
Added Pin To Net: NetName=GND Pin=U1-39
Added Net: Name=GND
Added Pin To Net: NetName=NetD1_1 Pin=D1-1
Added Pin To Net: NetName=NetD1_1 Pin=D2-2
Added Net: Name=NetD1_1
Added Pin To Net: NetName=NetMod1_7 Pin=Mod1-7
Added Pin To Net: NetName=NetMod1_7 Pin=P1-1
Added Net: Name=NetMod1_7
Added Pin To Net: NetName=NetMod1_8 Pin=Mod1-8
Added Pin To Net: NetName=NetMod1_8 Pin=P1-2
Added Net: Name=NetMod1_8
Added Pin To Net: NetName=NetMod1_9 Pin=Mod1-9
Added Pin To Net: NetName=NetMod1_9 Pin=Mod1-9
Added Pin To Net: NetName=NetMod1_9 Pin=P1-3
Added Net: Name=NetMod1_9
Added Pin To Net: NetName=NetMod1_10 Pin=Mod1-10
Added Pin To Net: NetName=NetMod1_10 Pin=P1-4
Added Net: Name=NetMod1_10
Added Pin To Net: NetName=NetP3_2 Pin=P3-2
Added Pin To Net: NetName=NetP3_2 Pin=U1-6
Added Net: Name=NetP3_2
Added Pin To Net: NetName=NetP4_2 Pin=P4-2
Added Pin To Net: NetName=NetP4_2 Pin=U1-10
Added Net: Name=NetP4_2
Added Pin To Net: NetName=NetP4_3 Pin=P4-3
Added Pin To Net: NetName=NetP4_3 Pin=U1-9
Added Net: Name=NetP4_3
Added Pin To Net: NetName=NetP4_4 Pin=P4-4
Added Pin To Net: NetName=NetP4_4 Pin=U1-8
Added Net: Name=NetP4_4
Added Pin To Net: NetName=NetP4_5 Pin=P4-5
Added Pin To Net: NetName=NetP4_5 Pin=U1-7
Added Net: Name=NetP4_5
Added Pin To Net: NetName=NetP6_2 Pin=P6-2
Added Pin To Net: NetName=NetP6_2 Pin=U1-25
Added Net: Name=NetP6_2
Added Pin To Net: NetName=NetP6_3 Pin=P6-3
Added Pin To Net: NetName=NetP6_3 Pin=U1-12
Added Net: Name=NetP6_3
Added Pin To Net: NetName=NetP6_4 Pin=P6-4
Added Pin To Net: NetName=NetP6_4 Pin=U1-11
Added Net: Name=NetP6_4
Added Pin To Net: NetName=OUT+ Pin=C1-1
Added Pin To Net: NetName=OUT+ Pin=M1-1
Added Pin To Net: NetName=OUT+ Pin=P7-1
Added Net: Name=OUT+
Added Pin To Net: NetName=PB8 Pin=Mod1-2
Added Pin To Net: NetName=PB8 Pin=U1-36
Added Net: Name=PB8
Added Pin To Net: NetName=PB9 Pin=Mod1-3
Added Pin To Net: NetName=PB9 Pin=U1-37
Added Net: Name=PB9
Added Pin To Net: NetName=SCL Pin=P5-2
Added Pin To Net: NetName=SCL Pin=U1-15
Added Net: Name=SCL
Added Pin To Net: NetName=SDA Pin=P5-1
Added Pin To Net: NetName=SDA Pin=U1-16
Added Net: Name=SDA
Added Pin To Net: NetName=STANDBY Pin=P7-6
Added Pin To Net: NetName=STANDBY Pin=U1-35
Added Net: Name=STANDBY
Added Pin To Net: NetName=Vbat Pin=P2-2
Added Pin To Net: NetName=Vbat Pin=U1-1
Added Net: Name=Vbat
Added Class: Name=Esquematico
